[2026-04-11 15:56:03] ==========================================
[2026-04-11 15:56:03] 🚀 开始 Docker 部署 OpenClaw-Admin
[2026-04-11 15:56:03] ==========================================
[2026-04-11 15:56:03] 检查 Docker 依赖...
[2026-04-11 15:56:03] [0;32m✅ 依赖检查通过[0m
[2026-04-11 15:56:03] Docker 版本：Docker version 29.3.0, build 5927d80
[2026-04-11 15:56:03] Docker Compose 版本：Docker Compose version v5.1.0
[2026-04-11 15:56:03] 构建 Docker 镜像...
#0 building with "default" instance using docker driver

#1 [internal] load build definition from Dockerfile
#1 transferring dockerfile: 1.50kB done
#1 DONE 0.0s

#2 [internal] load metadata for docker.io/library/node:20-alpine
#2 DONE 2.0s

#3 [internal] load .dockerignore
#3 transferring context: 2B done
#3 DONE 0.0s

#4 [builder 1/6] FROM docker.io/library/node:20-alpine@sha256:f598378b5240225e6beab68fa9f356db1fb8efe55173e6d4d8153113bb8f333c
#4 resolve docker.io/library/node:20-alpine@sha256:f598378b5240225e6beab68fa9f356db1fb8efe55173e6d4d8153113bb8f333c 0.0s done
#4 DONE 0.1s

#5 [internal] load build context
#5 ...

#4 [builder 1/6] FROM docker.io/library/node:20-alpine@sha256:f598378b5240225e6beab68fa9f356db1fb8efe55173e6d4d8153113bb8f333c
#4 sha256:c69c795ade96b2555279aec6c4e1feb15121f7768b8605e08e80e1955bc2fa01 1.26MB / 1.26MB 0.5s done
#4 sha256:7707c14542676ced22726a42d44be628fbe11367b5d7c9e15f3897bd3bb999d8 443B / 443B 0.7s done
#4 sha256:1a429157054c3aaeb4d0677bb9ba073d16feca45349b404c96edc83dd1905db9 43.55MB / 43.55MB 1.6s done
#4 DONE 1.8s

#5 [internal] load build context
#5 ...

#4 [builder 1/6] FROM docker.io/library/node:20-alpine@sha256:f598378b5240225e6beab68fa9f356db1fb8efe55173e6d4d8153113bb8f333c
#4 extracting sha256:1a429157054c3aaeb4d0677bb9ba073d16feca45349b404c96edc83dd1905db9 1.5s done
#4 DONE 3.3s

#5 [internal] load build context
#5 ...

#4 [builder 1/6] FROM docker.io/library/node:20-alpine@sha256:f598378b5240225e6beab68fa9f356db1fb8efe55173e6d4d8153113bb8f333c
#4 extracting sha256:c69c795ade96b2555279aec6c4e1feb15121f7768b8605e08e80e1955bc2fa01 0.1s done
#4 DONE 3.4s

#5 [internal] load build context
#5 ...

#4 [builder 1/6] FROM docker.io/library/node:20-alpine@sha256:f598378b5240225e6beab68fa9f356db1fb8efe55173e6d4d8153113bb8f333c
#4 extracting sha256:7707c14542676ced22726a42d44be628fbe11367b5d7c9e15f3897bd3bb999d8 0.0s done
#4 DONE 3.5s

#5 [internal] load build context
#5 transferring context: 119.19MB 5.0s
#5 ...

#6 [builder 2/6] WORKDIR /app
#6 DONE 2.0s

#5 [internal] load build context
#5 transferring context: 408.46MB 10.0s
#5 transferring context: 603.66MB 12.4s done
#5 DONE 12.6s

#7 [stage-1  3/12] RUN npm install -g pm2
#7 ...

#8 [builder 3/6] COPY package*.json ./
#8 ...

#7 [stage-1  3/12] RUN npm install -g pm2
#7 7.526 
#7 7.526 added 133 packages in 7s
#7 7.526 
#7 7.526 13 packages are looking for funding
#7 7.526   run `npm fund` for details
#7 7.527 npm notice
#7 7.527 npm notice New major version of npm available! 10.8.2 -> 11.12.1
#7 7.527 npm notice Changelog: https://github.com/npm/cli/releases/tag/v11.12.1
#7 7.527 npm notice To update run: npm install -g npm@11.12.1
#7 7.527 npm notice
#7 DONE 10.0s

#8 [builder 3/6] COPY package*.json ./
#8 DONE 2.9s

#9 [builder 4/6] RUN npm ci --only=production && npm cache clean --force
#9 ...

#10 [stage-1  4/12] RUN addgroup -g 1001 -S nodejs &&     adduser -S nodejs -u 1001
#10 DONE 0.3s

#9 [builder 4/6] RUN npm ci --only=production && npm cache clean --force
#9 0.367 npm warn config only Use `--omit=dev` to omit dev dependencies from the install.
#9 1.019 npm warn EBADENGINE Unsupported engine {
#9 1.019 npm warn EBADENGINE   package: 'vite-plugin-static-copy@4.0.0',
#9 1.019 npm warn EBADENGINE   required: { node: '^22.0.0 || >=24.0.0' },
#9 1.019 npm warn EBADENGINE   current: { node: 'v20.20.2', npm: '10.8.2' }
#9 1.019 npm warn EBADENGINE }
